<?xml version="1.0" encoding="UTF-8"?>
<testng-results ignored="0" total="1" passed="1" failed="0" skipped="0">
  <reporter-output>
  </reporter-output>
  <suite started-at="2024-03-24T20:36:59 IST" name="Default suite" finished-at="2024-03-24T20:36:59 IST" duration-ms="112">
    <groups>
    </groups>
    <test started-at="2024-03-24T20:36:59 IST" name="Default test" finished-at="2024-03-24T20:36:59 IST" duration-ms="112">
      <class name="com.test.testcases.Testcase1">
        <test-method signature="sampletest()[pri:0, instance:com.test.testcases.Testcase1@47eaca72]" started-at="2024-03-24T20:36:59 IST" name="sampletest" finished-at="2024-03-24T20:36:59 IST" duration-ms="19" status="PASS">
          <reporter-output>
          </reporter-output>
        </test-method> <!-- sampletest -->
      </class> <!-- com.test.testcases.Testcase1 -->
    </test> <!-- Default test -->
  </suite> <!-- Default suite -->
</testng-results>
